{"C:\\Users\\felip\\OneDrive\\Escritorio\\Taller Proyecto\\script.js": {"path":"C:\\Users\\felip\\OneDrive\\Escritorio\\Taller Proyecto\\script.js","statementMap":{"0":{"start":{"line":9,"column":17},"end":{"line":9,"column":77}},"1":{"start":{"line":10,"column":18},"end":{"line":10,"column":69}},"2":{"start":{"line":12,"column":20},"end":{"line":12,"column":30}},"3":{"start":{"line":13,"column":19},"end":{"line":13,"column":26}},"4":{"start":{"line":14,"column":19},"end":{"line":14,"column":25}},"5":{"start":{"line":17,"column":20},"end":{"line":17,"column":79}},"6":{"start":{"line":17,"column":26},"end":{"line":17,"column":79}},"7":{"start":{"line":18,"column":20},"end":{"line":18,"column":81}},"8":{"start":{"line":18,"column":27},"end":{"line":18,"column":81}},"9":{"start":{"line":21,"column":14},"end":{"line":28,"column":4}},"10":{"start":{"line":22,"column":14},"end":{"line":22,"column":16}},"11":{"start":{"line":23,"column":2},"end":{"line":26,"column":3}},"12":{"start":{"line":23,"column":15},"end":{"line":23,"column":16}},"13":{"start":{"line":24,"column":4},"end":{"line":24,"column":49}},"14":{"start":{"line":25,"column":4},"end":{"line":25,"column":49}},"15":{"start":{"line":27,"column":2},"end":{"line":27,"column":13}},"16":{"start":{"line":31,"column":0},"end":{"line":137,"column":3}},"17":{"start":{"line":32,"column":17},"end":{"line":32,"column":54}},"18":{"start":{"line":33,"column":21},"end":{"line":33,"column":55}},"19":{"start":{"line":34,"column":19},"end":{"line":34,"column":60}},"20":{"start":{"line":35,"column":21},"end":{"line":35,"column":69}},"21":{"start":{"line":36,"column":22},"end":{"line":36,"column":60}},"22":{"start":{"line":37,"column":20},"end":{"line":37,"column":56}},"23":{"start":{"line":38,"column":21},"end":{"line":38,"column":55}},"24":{"start":{"line":39,"column":22},"end":{"line":39,"column":57}},"25":{"start":{"line":40,"column":19},"end":{"line":40,"column":51}},"26":{"start":{"line":41,"column":18},"end":{"line":41,"column":49}},"27":{"start":{"line":42,"column":21},"end":{"line":42,"column":63}},"28":{"start":{"line":44,"column":18},"end":{"line":48,"column":3}},"29":{"start":{"line":45,"column":4},"end":{"line":45,"column":67}},"30":{"start":{"line":45,"column":24},"end":{"line":45,"column":65}},"31":{"start":{"line":46,"column":4},"end":{"line":46,"column":66}},"32":{"start":{"line":47,"column":4},"end":{"line":47,"column":30}},"33":{"start":{"line":50,"column":2},"end":{"line":53,"column":6}},"34":{"start":{"line":50,"column":24},"end":{"line":53,"column":4}},"35":{"start":{"line":51,"column":4},"end":{"line":51,"column":23}},"36":{"start":{"line":52,"column":4},"end":{"line":52,"column":49}},"37":{"start":{"line":55,"column":2},"end":{"line":58,"column":5}},"38":{"start":{"line":56,"column":4},"end":{"line":56,"column":23}},"39":{"start":{"line":57,"column":4},"end":{"line":57,"column":23}},"40":{"start":{"line":60,"column":2},"end":{"line":62,"column":3}},"41":{"start":{"line":61,"column":4},"end":{"line":61,"column":36}},"42":{"start":{"line":64,"column":2},"end":{"line":64,"column":58}},"43":{"start":{"line":64,"column":24},"end":{"line":64,"column":56}},"44":{"start":{"line":65,"column":2},"end":{"line":65,"column":60}},"45":{"start":{"line":65,"column":25},"end":{"line":65,"column":58}},"46":{"start":{"line":67,"column":2},"end":{"line":67,"column":56}},"47":{"start":{"line":70,"column":4},"end":{"line":70,"column":82}},"48":{"start":{"line":71,"column":4},"end":{"line":71,"column":53}},"49":{"start":{"line":71,"column":46},"end":{"line":71,"column":53}},"50":{"start":{"line":73,"column":21},"end":{"line":75,"column":23}},"51":{"start":{"line":74,"column":19},"end":{"line":74,"column":79}},"52":{"start":{"line":75,"column":16},"end":{"line":75,"column":22}},"53":{"start":{"line":77,"column":22},"end":{"line":77,"column":27}},"54":{"start":{"line":78,"column":4},"end":{"line":82,"column":7}},"55":{"start":{"line":79,"column":18},"end":{"line":79,"column":34}},"56":{"start":{"line":80,"column":6},"end":{"line":80,"column":77}},"57":{"start":{"line":80,"column":32},"end":{"line":80,"column":52}},"58":{"start":{"line":80,"column":58},"end":{"line":80,"column":77}},"59":{"start":{"line":81,"column":6},"end":{"line":81,"column":23}},"60":{"start":{"line":84,"column":4},"end":{"line":88,"column":5}},"61":{"start":{"line":85,"column":18},"end":{"line":85,"column":54}},"62":{"start":{"line":86,"column":6},"end":{"line":86,"column":26}},"63":{"start":{"line":87,"column":6},"end":{"line":87,"column":23}},"64":{"start":{"line":91,"column":2},"end":{"line":91,"column":54}},"65":{"start":{"line":92,"column":2},"end":{"line":92,"column":52}},"66":{"start":{"line":94,"column":2},"end":{"line":126,"column":5}},"67":{"start":{"line":95,"column":4},"end":{"line":95,"column":23}},"68":{"start":{"line":97,"column":4},"end":{"line":97,"column":31}},"69":{"start":{"line":97,"column":24},"end":{"line":97,"column":31}},"70":{"start":{"line":99,"column":17},"end":{"line":108,"column":5}},"71":{"start":{"line":110,"column":22},"end":{"line":110,"column":60}},"72":{"start":{"line":111,"column":4},"end":{"line":114,"column":5}},"73":{"start":{"line":112,"column":6},"end":{"line":112,"column":64}},"74":{"start":{"line":113,"column":6},"end":{"line":113,"column":13}},"75":{"start":{"line":116,"column":4},"end":{"line":120,"column":5}},"76":{"start":{"line":116,"column":32},"end":{"line":116,"column":108}},"77":{"start":{"line":117,"column":6},"end":{"line":117,"column":79}},"78":{"start":{"line":118,"column":6},"end":{"line":118,"column":21}},"79":{"start":{"line":119,"column":6},"end":{"line":119,"column":13}},"80":{"start":{"line":122,"column":4},"end":{"line":122,"column":42}},"81":{"start":{"line":123,"column":4},"end":{"line":123,"column":49}},"82":{"start":{"line":124,"column":4},"end":{"line":124,"column":24}},"83":{"start":{"line":125,"column":4},"end":{"line":125,"column":19}},"84":{"start":{"line":128,"column":2},"end":{"line":136,"column":5}},"85":{"start":{"line":129,"column":4},"end":{"line":129,"column":23}},"86":{"start":{"line":130,"column":15},"end":{"line":130,"column":107}},"87":{"start":{"line":131,"column":4},"end":{"line":131,"column":88}},"88":{"start":{"line":131,"column":15},"end":{"line":131,"column":78}},"89":{"start":{"line":131,"column":79},"end":{"line":131,"column":86}},"90":{"start":{"line":132,"column":4},"end":{"line":132,"column":66}},"91":{"start":{"line":133,"column":4},"end":{"line":133,"column":66}},"92":{"start":{"line":134,"column":4},"end":{"line":134,"column":21}},"93":{"start":{"line":135,"column":4},"end":{"line":135,"column":16}},"94":{"start":{"line":140,"column":14},"end":{"line":140,"column":54}},"95":{"start":{"line":141,"column":2},"end":{"line":141,"column":52}},"96":{"start":{"line":142,"column":2},"end":{"line":142,"column":51}},"97":{"start":{"line":142,"column":24},"end":{"line":142,"column":49}},"98":{"start":{"line":146,"column":17},"end":{"line":146,"column":63}},"99":{"start":{"line":147,"column":2},"end":{"line":147,"column":24}},"100":{"start":{"line":148,"column":17},"end":{"line":148,"column":61}},"101":{"start":{"line":149,"column":16},"end":{"line":149,"column":62}},"102":{"start":{"line":151,"column":2},"end":{"line":159,"column":7}},"103":{"start":{"line":152,"column":17},"end":{"line":152,"column":46}},"104":{"start":{"line":153,"column":17},"end":{"line":153,"column":46}},"105":{"start":{"line":154,"column":20},"end":{"line":154,"column":80}},"106":{"start":{"line":156,"column":17},"end":{"line":156,"column":45}},"107":{"start":{"line":157,"column":6},"end":{"line":157,"column":187}},"108":{"start":{"line":158,"column":6},"end":{"line":158,"column":29}},"109":{"start":{"line":163,"column":16},"end":{"line":163,"column":213}},"110":{"start":{"line":163,"column":128},"end":{"line":163,"column":211}},"111":{"start":{"line":164,"column":14},"end":{"line":164,"column":71}},"112":{"start":{"line":164,"column":29},"end":{"line":164,"column":59}},"113":{"start":{"line":164,"column":40},"end":{"line":164,"column":48}},"114":{"start":{"line":165,"column":15},"end":{"line":165,"column":52}},"115":{"start":{"line":166,"column":12},"end":{"line":166,"column":158}},"116":{"start":{"line":167,"column":2},"end":{"line":167,"column":12}},"117":{"start":{"line":167,"column":13},"end":{"line":167,"column":41}},"118":{"start":{"line":171,"column":2},"end":{"line":171,"column":24}},"119":{"start":{"line":172,"column":2},"end":{"line":172,"column":19}},"120":{"start":{"line":173,"column":2},"end":{"line":173,"column":67}},"121":{"start":{"line":174,"column":2},"end":{"line":174,"column":69}},"122":{"start":{"line":175,"column":2},"end":{"line":175,"column":63}},"123":{"start":{"line":178,"column":0},"end":{"line":213,"column":1}},"124":{"start":{"line":179,"column":2},"end":{"line":212,"column":4}},"125":{"start":{"line":189,"column":34},"end":{"line":189,"column":76}},"126":{"start":{"line":191,"column":6},"end":{"line":193,"column":7}},"127":{"start":{"line":192,"column":8},"end":{"line":192,"column":64}},"128":{"start":{"line":195,"column":6},"end":{"line":197,"column":7}},"129":{"start":{"line":196,"column":8},"end":{"line":196,"column":63}},"130":{"start":{"line":199,"column":24},"end":{"line":199,"column":62}},"131":{"start":{"line":200,"column":6},"end":{"line":202,"column":7}},"132":{"start":{"line":201,"column":8},"end":{"line":201,"column":77}},"133":{"start":{"line":204,"column":21},"end":{"line":204,"column":122}},"134":{"start":{"line":204,"column":45},"end":{"line":204,"column":121}},"135":{"start":{"line":205,"column":6},"end":{"line":207,"column":7}},"136":{"start":{"line":206,"column":8},"end":{"line":206,"column":92}},"137":{"start":{"line":209,"column":6},"end":{"line":209,"column":44}},"138":{"start":{"line":210,"column":6},"end":{"line":210,"column":31}}},"fnMap":{"0":{"name":"(anonymous_0)","decl":{"start":{"line":17,"column":20},"end":{"line":17,"column":21}},"loc":{"start":{"line":17,"column":26},"end":{"line":17,"column":79}},"line":17},"1":{"name":"(anonymous_1)","decl":{"start":{"line":18,"column":20},"end":{"line":18,"column":21}},"loc":{"start":{"line":18,"column":27},"end":{"line":18,"column":81}},"line":18},"2":{"name":"(anonymous_2)","decl":{"start":{"line":21,"column":15},"end":{"line":21,"column":16}},"loc":{"start":{"line":21,"column":21},"end":{"line":28,"column":1}},"line":21},"3":{"name":"(anonymous_3)","decl":{"start":{"line":31,"column":46},"end":{"line":31,"column":47}},"loc":{"start":{"line":31,"column":52},"end":{"line":137,"column":1}},"line":31},"4":{"name":"(anonymous_4)","decl":{"start":{"line":44,"column":18},"end":{"line":44,"column":19}},"loc":{"start":{"line":44,"column":24},"end":{"line":48,"column":3}},"line":44},"5":{"name":"(anonymous_5)","decl":{"start":{"line":45,"column":19},"end":{"line":45,"column":20}},"loc":{"start":{"line":45,"column":24},"end":{"line":45,"column":65}},"line":45},"6":{"name":"(anonymous_6)","decl":{"start":{"line":50,"column":19},"end":{"line":50,"column":20}},"loc":{"start":{"line":50,"column":24},"end":{"line":53,"column":4}},"line":50},"7":{"name":"(anonymous_7)","decl":{"start":{"line":50,"column":52},"end":{"line":50,"column":53}},"loc":{"start":{"line":50,"column":57},"end":{"line":53,"column":3}},"line":50},"8":{"name":"(anonymous_8)","decl":{"start":{"line":55,"column":40},"end":{"line":55,"column":41}},"loc":{"start":{"line":55,"column":45},"end":{"line":58,"column":3}},"line":55},"9":{"name":"(anonymous_9)","decl":{"start":{"line":64,"column":19},"end":{"line":64,"column":20}},"loc":{"start":{"line":64,"column":24},"end":{"line":64,"column":56}},"line":64},"10":{"name":"(anonymous_10)","decl":{"start":{"line":65,"column":20},"end":{"line":65,"column":21}},"loc":{"start":{"line":65,"column":25},"end":{"line":65,"column":58}},"line":65},"11":{"name":"refreshHoras","decl":{"start":{"line":69,"column":11},"end":{"line":69,"column":23}},"loc":{"start":{"line":69,"column":26},"end":{"line":89,"column":3}},"line":69},"12":{"name":"(anonymous_12)","decl":{"start":{"line":74,"column":14},"end":{"line":74,"column":15}},"loc":{"start":{"line":74,"column":19},"end":{"line":74,"column":79}},"line":74},"13":{"name":"(anonymous_13)","decl":{"start":{"line":75,"column":11},"end":{"line":75,"column":12}},"loc":{"start":{"line":75,"column":16},"end":{"line":75,"column":22}},"line":75},"14":{"name":"(anonymous_14)","decl":{"start":{"line":78,"column":18},"end":{"line":78,"column":19}},"loc":{"start":{"line":78,"column":23},"end":{"line":82,"column":5}},"line":78},"15":{"name":"(anonymous_15)","decl":{"start":{"line":94,"column":41},"end":{"line":94,"column":42}},"loc":{"start":{"line":94,"column":46},"end":{"line":126,"column":3}},"line":94},"16":{"name":"(anonymous_16)","decl":{"start":{"line":116,"column":27},"end":{"line":116,"column":28}},"loc":{"start":{"line":116,"column":32},"end":{"line":116,"column":108}},"line":116},"17":{"name":"(anonymous_17)","decl":{"start":{"line":128,"column":39},"end":{"line":128,"column":40}},"loc":{"start":{"line":128,"column":44},"end":{"line":136,"column":3}},"line":128},"18":{"name":"poblarFiltroBarbero","decl":{"start":{"line":139,"column":9},"end":{"line":139,"column":28}},"loc":{"start":{"line":139,"column":31},"end":{"line":143,"column":1}},"line":139},"19":{"name":"(anonymous_19)","decl":{"start":{"line":142,"column":19},"end":{"line":142,"column":20}},"loc":{"start":{"line":142,"column":24},"end":{"line":142,"column":49}},"line":142},"20":{"name":"renderReservas","decl":{"start":{"line":145,"column":9},"end":{"line":145,"column":23}},"loc":{"start":{"line":145,"column":26},"end":{"line":160,"column":1}},"line":145},"21":{"name":"(anonymous_21)","decl":{"start":{"line":152,"column":12},"end":{"line":152,"column":13}},"loc":{"start":{"line":152,"column":17},"end":{"line":152,"column":46}},"line":152},"22":{"name":"(anonymous_22)","decl":{"start":{"line":153,"column":12},"end":{"line":153,"column":13}},"loc":{"start":{"line":153,"column":17},"end":{"line":153,"column":46}},"line":153},"23":{"name":"(anonymous_23)","decl":{"start":{"line":154,"column":10},"end":{"line":154,"column":11}},"loc":{"start":{"line":154,"column":20},"end":{"line":154,"column":80}},"line":154},"24":{"name":"(anonymous_24)","decl":{"start":{"line":155,"column":13},"end":{"line":155,"column":14}},"loc":{"start":{"line":155,"column":18},"end":{"line":159,"column":5}},"line":155},"25":{"name":"exportarCSV","decl":{"start":{"line":162,"column":9},"end":{"line":162,"column":20}},"loc":{"start":{"line":162,"column":23},"end":{"line":168,"column":1}},"line":162},"26":{"name":"(anonymous_26)","decl":{"start":{"line":163,"column":123},"end":{"line":163,"column":124}},"loc":{"start":{"line":163,"column":128},"end":{"line":163,"column":211}},"line":163},"27":{"name":"(anonymous_27)","decl":{"start":{"line":164,"column":24},"end":{"line":164,"column":25}},"loc":{"start":{"line":164,"column":29},"end":{"line":164,"column":59}},"line":164},"28":{"name":"(anonymous_28)","decl":{"start":{"line":164,"column":35},"end":{"line":164,"column":36}},"loc":{"start":{"line":164,"column":40},"end":{"line":164,"column":48}},"line":164},"29":{"name":"initAdmin","decl":{"start":{"line":170,"column":9},"end":{"line":170,"column":18}},"loc":{"start":{"line":170,"column":21},"end":{"line":176,"column":1}},"line":170},"30":{"name":"(anonymous_30)","decl":{"start":{"line":189,"column":18},"end":{"line":189,"column":19}},"loc":{"start":{"line":189,"column":34},"end":{"line":189,"column":76}},"line":189},"31":{"name":"(anonymous_31)","decl":{"start":{"line":190,"column":19},"end":{"line":190,"column":20}},"loc":{"start":{"line":190,"column":29},"end":{"line":211,"column":5}},"line":190},"32":{"name":"(anonymous_32)","decl":{"start":{"line":204,"column":40},"end":{"line":204,"column":41}},"loc":{"start":{"line":204,"column":45},"end":{"line":204,"column":121}},"line":204}},"branchMap":{"0":{"loc":{"start":{"line":17,"column":37},"end":{"line":17,"column":78}},"type":"binary-expr","locations":[{"start":{"line":17,"column":37},"end":{"line":17,"column":70}},{"start":{"line":17,"column":74},"end":{"line":17,"column":78}}],"line":17},"1":{"loc":{"start":{"line":46,"column":31},"end":{"line":46,"column":65}},"type":"cond-expr","locations":[{"start":{"line":46,"column":50},"end":{"line":46,"column":56}},{"start":{"line":46,"column":59},"end":{"line":46,"column":65}}],"line":46},"2":{"loc":{"start":{"line":60,"column":2},"end":{"line":62,"column":3}},"type":"if","locations":[{"start":{"line":60,"column":2},"end":{"line":62,"column":3}},{"start":{},"end":{}}],"line":60},"3":{"loc":{"start":{"line":60,"column":6},"end":{"line":60,"column":79}},"type":"binary-expr","locations":[{"start":{"line":60,"column":6},"end":{"line":60,"column":28}},{"start":{"line":60,"column":32},"end":{"line":60,"column":79}}],"line":60},"4":{"loc":{"start":{"line":71,"column":4},"end":{"line":71,"column":53}},"type":"if","locations":[{"start":{"line":71,"column":4},"end":{"line":71,"column":53}},{"start":{},"end":{}}],"line":71},"5":{"loc":{"start":{"line":71,"column":8},"end":{"line":71,"column":44}},"type":"binary-expr","locations":[{"start":{"line":71,"column":8},"end":{"line":71,"column":25}},{"start":{"line":71,"column":29},"end":{"line":71,"column":44}}],"line":71},"6":{"loc":{"start":{"line":74,"column":19},"end":{"line":74,"column":79}},"type":"binary-expr","locations":[{"start":{"line":74,"column":19},"end":{"line":74,"column":49}},{"start":{"line":74,"column":53},"end":{"line":74,"column":79}}],"line":74},"7":{"loc":{"start":{"line":80,"column":6},"end":{"line":80,"column":77}},"type":"if","locations":[{"start":{"line":80,"column":6},"end":{"line":80,"column":77}},{"start":{"line":80,"column":58},"end":{"line":80,"column":77}}],"line":80},"8":{"loc":{"start":{"line":84,"column":4},"end":{"line":88,"column":5}},"type":"if","locations":[{"start":{"line":84,"column":4},"end":{"line":88,"column":5}},{"start":{},"end":{}}],"line":84},"9":{"loc":{"start":{"line":97,"column":4},"end":{"line":97,"column":31}},"type":"if","locations":[{"start":{"line":97,"column":4},"end":{"line":97,"column":31}},{"start":{},"end":{}}],"line":97},"10":{"loc":{"start":{"line":111,"column":4},"end":{"line":114,"column":5}},"type":"if","locations":[{"start":{"line":111,"column":4},"end":{"line":114,"column":5}},{"start":{},"end":{}}],"line":111},"11":{"loc":{"start":{"line":116,"column":4},"end":{"line":120,"column":5}},"type":"if","locations":[{"start":{"line":116,"column":4},"end":{"line":120,"column":5}},{"start":{},"end":{}}],"line":116},"12":{"loc":{"start":{"line":116,"column":32},"end":{"line":116,"column":108}},"type":"binary-expr","locations":[{"start":{"line":116,"column":32},"end":{"line":116,"column":58}},{"start":{"line":116,"column":62},"end":{"line":116,"column":84}},{"start":{"line":116,"column":88},"end":{"line":116,"column":108}}],"line":116},"13":{"loc":{"start":{"line":130,"column":15},"end":{"line":130,"column":107}},"type":"binary-expr","locations":[{"start":{"line":130,"column":15},"end":{"line":130,"column":60}},{"start":{"line":130,"column":64},"end":{"line":130,"column":107}}],"line":130},"14":{"loc":{"start":{"line":131,"column":4},"end":{"line":131,"column":88}},"type":"if","locations":[{"start":{"line":131,"column":4},"end":{"line":131,"column":88}},{"start":{},"end":{}}],"line":131},"15":{"loc":{"start":{"line":152,"column":17},"end":{"line":152,"column":46}},"type":"binary-expr","locations":[{"start":{"line":152,"column":17},"end":{"line":152,"column":24}},{"start":{"line":152,"column":28},"end":{"line":152,"column":46}}],"line":152},"16":{"loc":{"start":{"line":153,"column":17},"end":{"line":153,"column":46}},"type":"binary-expr","locations":[{"start":{"line":153,"column":17},"end":{"line":153,"column":23}},{"start":{"line":153,"column":27},"end":{"line":153,"column":46}}],"line":153},"17":{"loc":{"start":{"line":178,"column":0},"end":{"line":213,"column":1}},"type":"if","locations":[{"start":{"line":178,"column":0},"end":{"line":213,"column":1}},{"start":{},"end":{}}],"line":178},"18":{"loc":{"start":{"line":178,"column":4},"end":{"line":178,"column":51}},"type":"binary-expr","locations":[{"start":{"line":178,"column":4},"end":{"line":178,"column":33}},{"start":{"line":178,"column":37},"end":{"line":178,"column":51}}],"line":178},"19":{"loc":{"start":{"line":189,"column":34},"end":{"line":189,"column":76}},"type":"binary-expr","locations":[{"start":{"line":189,"column":34},"end":{"line":189,"column":53}},{"start":{"line":189,"column":57},"end":{"line":189,"column":76}}],"line":189},"20":{"loc":{"start":{"line":191,"column":6},"end":{"line":193,"column":7}},"type":"if","locations":[{"start":{"line":191,"column":6},"end":{"line":193,"column":7}},{"start":{},"end":{}}],"line":191},"21":{"loc":{"start":{"line":195,"column":6},"end":{"line":197,"column":7}},"type":"if","locations":[{"start":{"line":195,"column":6},"end":{"line":197,"column":7}},{"start":{},"end":{}}],"line":195},"22":{"loc":{"start":{"line":200,"column":6},"end":{"line":202,"column":7}},"type":"if","locations":[{"start":{"line":200,"column":6},"end":{"line":202,"column":7}},{"start":{},"end":{}}],"line":200},"23":{"loc":{"start":{"line":204,"column":45},"end":{"line":204,"column":121}},"type":"binary-expr","locations":[{"start":{"line":204,"column":45},"end":{"line":204,"column":71}},{"start":{"line":204,"column":75},"end":{"line":204,"column":97}},{"start":{"line":204,"column":101},"end":{"line":204,"column":121}}],"line":204},"24":{"loc":{"start":{"line":205,"column":6},"end":{"line":207,"column":7}},"type":"if","locations":[{"start":{"line":205,"column":6},"end":{"line":207,"column":7}},{"start":{},"end":{}}],"line":205}},"s":{"0":1,"1":1,"2":1,"3":1,"4":1,"5":1,"6":22,"7":1,"8":16,"9":1,"10":1,"11":1,"12":1,"13":12,"14":12,"15":1,"16":1,"17":0,"18":0,"19":0,"20":0,"21":0,"22":0,"23":0,"24":0,"25":0,"26":0,"27":0,"28":0,"29":0,"30":0,"31":0,"32":0,"33":0,"34":0,"35":0,"36":0,"37":0,"38":0,"39":0,"40":0,"41":0,"42":0,"43":0,"44":0,"45":0,"46":0,"47":0,"48":0,"49":0,"50":0,"51":0,"52":0,"53":0,"54":0,"55":0,"56":0,"57":0,"58":0,"59":0,"60":0,"61":0,"62":0,"63":0,"64":0,"65":0,"66":0,"67":0,"68":0,"69":0,"70":0,"71":0,"72":0,"73":0,"74":0,"75":0,"76":0,"77":0,"78":0,"79":0,"80":0,"81":0,"82":0,"83":0,"84":0,"85":0,"86":0,"87":0,"88":0,"89":0,"90":0,"91":0,"92":0,"93":0,"94":0,"95":0,"96":0,"97":0,"98":2,"99":2,"100":2,"101":2,"102":2,"103":4,"104":3,"105":0,"106":1,"107":1,"108":1,"109":2,"110":2,"111":2,"112":4,"113":32,"114":2,"115":2,"116":2,"117":2,"118":0,"119":0,"120":0,"121":0,"122":0,"123":1,"124":1,"125":6,"126":16,"127":2,"128":14,"129":3,"130":11,"131":11,"132":3,"133":8,"134":11,"135":8,"136":3,"137":5,"138":5},"f":{"0":22,"1":16,"2":1,"3":0,"4":0,"5":0,"6":0,"7":0,"8":0,"9":0,"10":0,"11":0,"12":0,"13":0,"14":0,"15":0,"16":0,"17":0,"18":0,"19":0,"20":2,"21":4,"22":3,"23":0,"24":1,"25":2,"26":2,"27":4,"28":32,"29":0,"30":6,"31":16,"32":11},"b":{"0":[22,1],"1":[0,0],"2":[0,0],"3":[0,0],"4":[0,0],"5":[0,0],"6":[0,0],"7":[0,0],"8":[0,0],"9":[0,0],"10":[0,0],"11":[0,0],"12":[0,0,0],"13":[0,0],"14":[0,0],"15":[4,4],"16":[3,3],"17":[1,0],"18":[1,1],"19":[6,4],"20":[2,14],"21":[3,11],"22":[3,8],"23":[11,11,10],"24":[3,5]},"_coverageSchema":"1a1c01bbd47fc00a2c39e90264f33305004495a9","hash":"675fbb99470013f0987ec153f8fd749580bb659c"}
}
