TN:
SF:script.js
FN:17,(anonymous_0)
FN:18,(anonymous_1)
FN:21,(anonymous_2)
FN:31,(anonymous_3)
FN:44,(anonymous_4)
FN:45,(anonymous_5)
FN:50,(anonymous_6)
FN:50,(anonymous_7)
FN:55,(anonymous_8)
FN:64,(anonymous_9)
FN:65,(anonymous_10)
FN:69,refreshHoras
FN:74,(anonymous_12)
FN:75,(anonymous_13)
FN:78,(anonymous_14)
FN:94,(anonymous_15)
FN:116,(anonymous_16)
FN:128,(anonymous_17)
FN:139,poblarFiltroBarbero
FN:142,(anonymous_19)
FN:145,renderReservas
FN:152,(anonymous_21)
FN:153,(anonymous_22)
FN:154,(anonymous_23)
FN:155,(anonymous_24)
FN:162,exportarCSV
FN:163,(anonymous_26)
FN:164,(anonymous_27)
FN:164,(anonymous_28)
FN:170,initAdmin
FN:189,(anonymous_30)
FN:190,(anonymous_31)
FN:204,(anonymous_32)
FNF:33
FNH:14
FNDA:22,(anonymous_0)
FNDA:16,(anonymous_1)
FNDA:1,(anonymous_2)
FNDA:0,(anonymous_3)
FNDA:0,(anonymous_4)
FNDA:0,(anonymous_5)
FNDA:0,(anonymous_6)
FNDA:0,(anonymous_7)
FNDA:0,(anonymous_8)
FNDA:0,(anonymous_9)
FNDA:0,(anonymous_10)
FNDA:0,refreshHoras
FNDA:0,(anonymous_12)
FNDA:0,(anonymous_13)
FNDA:0,(anonymous_14)
FNDA:0,(anonymous_15)
FNDA:0,(anonymous_16)
FNDA:0,(anonymous_17)
FNDA:0,poblarFiltroBarbero
FNDA:0,(anonymous_19)
FNDA:2,renderReservas
FNDA:4,(anonymous_21)
FNDA:3,(anonymous_22)
FNDA:0,(anonymous_23)
FNDA:1,(anonymous_24)
FNDA:2,exportarCSV
FNDA:2,(anonymous_26)
FNDA:4,(anonymous_27)
FNDA:32,(anonymous_28)
FNDA:0,initAdmin
FNDA:6,(anonymous_30)
FNDA:16,(anonymous_31)
FNDA:11,(anonymous_32)
DA:9,1
DA:10,1
DA:12,1
DA:13,1
DA:14,1
DA:17,22
DA:18,16
DA:21,1
DA:22,1
DA:23,1
DA:24,12
DA:25,12
DA:27,1
DA:31,1
DA:32,0
DA:33,0
DA:34,0
DA:35,0
DA:36,0
DA:37,0
DA:38,0
DA:39,0
DA:40,0
DA:41,0
DA:42,0
DA:44,0
DA:45,0
DA:46,0
DA:47,0
DA:50,0
DA:51,0
DA:52,0
DA:55,0
DA:56,0
DA:57,0
DA:60,0
DA:61,0
DA:64,0
DA:65,0
DA:67,0
DA:70,0
DA:71,0
DA:73,0
DA:74,0
DA:75,0
DA:77,0
DA:78,0
DA:79,0
DA:80,0
DA:81,0
DA:84,0
DA:85,0
DA:86,0
DA:87,0
DA:91,0
DA:92,0
DA:94,0
DA:95,0
DA:97,0
DA:99,0
DA:110,0
DA:111,0
DA:112,0
DA:113,0
DA:116,0
DA:117,0
DA:118,0
DA:119,0
DA:122,0
DA:123,0
DA:124,0
DA:125,0
DA:128,0
DA:129,0
DA:130,0
DA:131,0
DA:132,0
DA:133,0
DA:134,0
DA:135,0
DA:140,0
DA:141,0
DA:142,0
DA:146,2
DA:147,2
DA:148,2
DA:149,2
DA:151,2
DA:152,4
DA:153,3
DA:154,0
DA:156,1
DA:157,1
DA:158,1
DA:163,2
DA:164,32
DA:165,2
DA:166,2
DA:167,2
DA:171,0
DA:172,0
DA:173,0
DA:174,0
DA:175,0
DA:178,1
DA:179,1
DA:189,6
DA:191,16
DA:192,2
DA:195,14
DA:196,3
DA:199,11
DA:200,11
DA:201,3
DA:204,11
DA:205,8
DA:206,3
DA:209,5
DA:210,5
LF:119
LH:44
BRDA:17,0,0,22
BRDA:17,0,1,1
BRDA:46,1,0,0
BRDA:46,1,1,0
BRDA:60,2,0,0
BRDA:60,2,1,0
BRDA:60,3,0,0
BRDA:60,3,1,0
BRDA:71,4,0,0
BRDA:71,4,1,0
BRDA:71,5,0,0
BRDA:71,5,1,0
BRDA:74,6,0,0
BRDA:74,6,1,0
BRDA:80,7,0,0
BRDA:80,7,1,0
BRDA:84,8,0,0
BRDA:84,8,1,0
BRDA:97,9,0,0
BRDA:97,9,1,0
BRDA:111,10,0,0
BRDA:111,10,1,0
BRDA:116,11,0,0
BRDA:116,11,1,0
BRDA:116,12,0,0
BRDA:116,12,1,0
BRDA:116,12,2,0
BRDA:130,13,0,0
BRDA:130,13,1,0
BRDA:131,14,0,0
BRDA:131,14,1,0
BRDA:152,15,0,4
BRDA:152,15,1,4
BRDA:153,16,0,3
BRDA:153,16,1,3
BRDA:178,17,0,1
BRDA:178,17,1,0
BRDA:178,18,0,1
BRDA:178,18,1,1
BRDA:189,19,0,6
BRDA:189,19,1,4
BRDA:191,20,0,2
BRDA:191,20,1,14
BRDA:195,21,0,3
BRDA:195,21,1,11
BRDA:200,22,0,3
BRDA:200,22,1,8
BRDA:204,23,0,11
BRDA:204,23,1,11
BRDA:204,23,2,10
BRDA:205,24,0,3
BRDA:205,24,1,5
BRF:52
BRH:22
end_of_record
